[debug] [2024-04-10T22:03:03.495Z] ----------------------------------------------------------------------
[debug] [2024-04-10T22:03:03.497Z] Command:       C:\Program Files\nodejs\node.exe C:\Users\SaltBlock\AppData\Roaming\npm\node_modules\firebase-tools\lib\bin\firebase.js serve
[debug] [2024-04-10T22:03:03.497Z] CLI Version:   13.1.0
[debug] [2024-04-10T22:03:03.497Z] Platform:      win32
[debug] [2024-04-10T22:03:03.497Z] Node Version:  v20.11.0
[debug] [2024-04-10T22:03:03.497Z] Time:          Wed Apr 10 2024 17:03:03 GMT-0500 (Central Daylight Time)
[debug] [2024-04-10T22:03:03.497Z] ----------------------------------------------------------------------
[debug] 
[debug] [2024-04-10T22:03:03.536Z] > command requires scopes: ["email","openid","https://www.googleapis.com/auth/cloudplatformprojects.readonly","https://www.googleapis.com/auth/firebase","https://www.googleapis.com/auth/cloud-platform"]
[debug] [2024-04-10T22:03:03.536Z] > authorizing via signed-in user (cfc012@email.latech.edu)
[debug] [2024-04-10T22:03:03.536Z] [iam] checking project sinuous-vortex-411619 for permissions ["firebase.projects.get"]
[debug] [2024-04-10T22:03:03.538Z] >>> [apiv2][query] POST https://cloudresourcemanager.googleapis.com/v1/projects/sinuous-vortex-411619:testIamPermissions [none]
[debug] [2024-04-10T22:03:03.538Z] >>> [apiv2][(partial)header] POST https://cloudresourcemanager.googleapis.com/v1/projects/sinuous-vortex-411619:testIamPermissions x-goog-quota-user=projects/sinuous-vortex-411619
[debug] [2024-04-10T22:03:03.538Z] >>> [apiv2][body] POST https://cloudresourcemanager.googleapis.com/v1/projects/sinuous-vortex-411619:testIamPermissions {"permissions":["firebase.projects.get"]}
[debug] [2024-04-10T22:03:03.720Z] <<< [apiv2][status] POST https://cloudresourcemanager.googleapis.com/v1/projects/sinuous-vortex-411619:testIamPermissions 200
[debug] [2024-04-10T22:03:03.720Z] <<< [apiv2][body] POST https://cloudresourcemanager.googleapis.com/v1/projects/sinuous-vortex-411619:testIamPermissions {"permissions":["firebase.projects.get"]}
[debug] [2024-04-10T22:03:03.720Z] >>> [apiv2][query] GET https://firebase.googleapis.com/v1beta1/projects/sinuous-vortex-411619 [none]
[debug] [2024-04-10T22:03:04.235Z] <<< [apiv2][status] GET https://firebase.googleapis.com/v1beta1/projects/sinuous-vortex-411619 200
[debug] [2024-04-10T22:03:04.235Z] <<< [apiv2][body] GET https://firebase.googleapis.com/v1beta1/projects/sinuous-vortex-411619 {"projectId":"sinuous-vortex-411619","projectNumber":"601080788845","displayName":"Scroll Rack","name":"projects/sinuous-vortex-411619","resources":{"hostingSite":"sinuous-vortex-411619","realtimeDatabaseInstance":"sinuous-vortex-411619-default-rtdb","storageBucket":"sinuous-vortex-411619.appspot.com","locationId":"us-central"},"state":"ACTIVE","etag":"1_e3b37646-b50c-4d1c-a4d9-6caba86c7f93"}
[info] 
[info] === Serving from 'C:\Users\SaltBlock\Desktop\Skoo\LongBox'...
[info] 
[debug] [2024-04-10T22:03:04.239Z] defaultcredentials: writing to file C:\Users\SaltBlock\AppData\Roaming\firebase\cfc012_email_latech.edu_application_default_credentials.json
[debug] [2024-04-10T22:03:04.240Z] >>> [apiv2][query] GET https://firebasehosting.googleapis.com/v1beta1/projects/sinuous-vortex-411619/sites 
[debug] [2024-04-10T22:03:04.242Z] Setting GAC to C:\Users\SaltBlock\AppData\Roaming\firebase\cfc012_email_latech.edu_application_default_credentials.json {"metadata":{"emulator":{"name":"functions"},"message":"Setting GAC to C:\\Users\\SaltBlock\\AppData\\Roaming\\firebase\\cfc012_email_latech.edu_application_default_credentials.json"}}
[debug] [2024-04-10T22:03:04.243Z] >>> [apiv2][query] GET https://firebase.googleapis.com/v1beta1/projects/sinuous-vortex-411619/adminSdkConfig [none]
[debug] [2024-04-10T22:03:04.494Z] <<< [apiv2][status] GET https://firebasehosting.googleapis.com/v1beta1/projects/sinuous-vortex-411619/sites 200
[debug] [2024-04-10T22:03:04.494Z] <<< [apiv2][body] GET https://firebasehosting.googleapis.com/v1beta1/projects/sinuous-vortex-411619/sites {"sites":[{"name":"projects/sinuous-vortex-411619/sites/sinuous-vortex-411619","defaultUrl":"https://sinuous-vortex-411619.web.app","appId":"1:601080788845:web:f9d7298c25846409cd8c64","type":"DEFAULT_SITE"}]}
[debug] [2024-04-10T22:03:04.495Z] >>> [apiv2][query] GET https://firebase.googleapis.com/v1beta1/projects/sinuous-vortex-411619/webApps/1:601080788845:web:f9d7298c25846409cd8c64/config [none]
[debug] [2024-04-10T22:03:04.554Z] <<< [apiv2][status] GET https://firebase.googleapis.com/v1beta1/projects/sinuous-vortex-411619/adminSdkConfig 200
[debug] [2024-04-10T22:03:04.554Z] <<< [apiv2][body] GET https://firebase.googleapis.com/v1beta1/projects/sinuous-vortex-411619/adminSdkConfig {"projectId":"sinuous-vortex-411619","databaseURL":"https://sinuous-vortex-411619-default-rtdb.firebaseio.com","storageBucket":"sinuous-vortex-411619.appspot.com","locationId":"us-central"}
[debug] [2024-04-10T22:03:04.786Z] <<< [apiv2][status] GET https://firebase.googleapis.com/v1beta1/projects/sinuous-vortex-411619/webApps/1:601080788845:web:f9d7298c25846409cd8c64/config 200
[debug] [2024-04-10T22:03:04.786Z] <<< [apiv2][body] GET https://firebase.googleapis.com/v1beta1/projects/sinuous-vortex-411619/webApps/1:601080788845:web:f9d7298c25846409cd8c64/config {"projectId":"sinuous-vortex-411619","appId":"1:601080788845:web:f9d7298c25846409cd8c64","databaseURL":"https://sinuous-vortex-411619-default-rtdb.firebaseio.com","storageBucket":"sinuous-vortex-411619.appspot.com","locationId":"us-central","apiKey":"AIzaSyBEjrkYMSH5vhP5exK37wsxvkV25wRaxSg","authDomain":"sinuous-vortex-411619.firebaseapp.com","messagingSenderId":"601080788845","measurementId":"G-GJDCC73TLN"}
[debug] [2024-04-10T22:03:04.788Z] >>> [apiv2][query] GET https://firebase.googleapis.com/v1beta1/projects/sinuous-vortex-411619 [none]
[debug] [2024-04-10T22:03:04.892Z] <<< [apiv2][status] GET https://firebase.googleapis.com/v1beta1/projects/sinuous-vortex-411619 200
[debug] [2024-04-10T22:03:04.893Z] <<< [apiv2][body] GET https://firebase.googleapis.com/v1beta1/projects/sinuous-vortex-411619 {"projectId":"sinuous-vortex-411619","projectNumber":"601080788845","displayName":"Scroll Rack","name":"projects/sinuous-vortex-411619","resources":{"hostingSite":"sinuous-vortex-411619","realtimeDatabaseInstance":"sinuous-vortex-411619-default-rtdb","storageBucket":"sinuous-vortex-411619.appspot.com","locationId":"us-central"},"state":"ACTIVE","etag":"1_e3b37646-b50c-4d1c-a4d9-6caba86c7f93"}
[info] i  functions: Watching "C:\Users\SaltBlock\Desktop\Skoo\LongBox\functions" for Cloud Functions... {"metadata":{"emulator":{"name":"functions"},"message":"Watching \"C:\\Users\\SaltBlock\\Desktop\\Skoo\\LongBox\\functions\" for Cloud Functions..."}}
[info] i  hosting[sinuous-vortex-411619]: Serving hosting files from: longbox {"metadata":{"emulator":{"name":"hosting"},"message":"Serving hosting files from: \u001b[1mlongbox\u001b[22m"}}
[info] +  hosting[sinuous-vortex-411619]: Local server: http://localhost:5000 {"metadata":{"emulator":{"name":"hosting"},"message":"Local server: \u001b[4m\u001b[1mhttp://localhost:5000\u001b[22m\u001b[24m"}}
[debug] [2024-04-10T22:03:04.903Z] Customer code is not Node
[debug] [2024-04-10T22:03:04.904Z] Validating python source
[debug] [2024-04-10T22:03:04.904Z] Building python source
[debug] [2024-04-10T22:03:04.905Z] Could not find functions.yaml. Must use http discovery
[debug] [2024-04-10T22:03:04.907Z] Running command with virtualenv: command="C:\Users\SaltBlock\Desktop\Skoo\LongBox\functions\venv\Scripts\activate.bat", args=["","&&","python.exe","-c","\"import firebase_functions; import os; print(os.path.dirname(firebase_functions.__file__))\""]
[debug] [2024-04-10T22:03:04.914Z] stderr: The system cannot find the path specified.

[error] !!  functions: Failed to load function definition from source: Error: spawn "C:\Users\SaltBlock\Desktop\Skoo\LongBox\functions\venv\Scripts\activate.bat" ENOENT {"metadata":{"emulator":{"name":"functions"},"message":"Failed to load function definition from source: Error: spawn \"C:\\Users\\SaltBlock\\Desktop\\Skoo\\LongBox\\functions\\venv\\Scripts\\activate.bat\" ENOENT"}}
[info] i  hosting: ::1 - - [10/Apr/2024:22:03:15 +0000] "GET /__/firebase/init.js?useEmulator=true HTTP/1.1" 200 - "http://localhost:5000/" "Mozilla/5.0 (Windows NT 10.0; Win64; x64; rv:126.0) Gecko/20100101 Firefox/126.0" {"metadata":{"emulator":{"name":"hosting"},"message":"::1 - - [10/Apr/2024:22:03:15 +0000] \"GET /__/firebase/init.js?useEmulator=true HTTP/1.1\" 200 - \"http://localhost:5000/\" \"Mozilla/5.0 (Windows NT 10.0; Win64; x64; rv:126.0) Gecko/20100101 Firefox/126.0\""}}
[info] i  hosting: ::1 - - [10/Apr/2024:22:03:21 +0000] "GET /longbox.html?userId=Ze2rKSYFYpTXDLO2GJXY9hAEtOg2 HTTP/1.1" 200 - "http://localhost:5000/" "Mozilla/5.0 (Windows NT 10.0; Win64; x64; rv:126.0) Gecko/20100101 Firefox/126.0" {"metadata":{"emulator":{"name":"hosting"},"message":"::1 - - [10/Apr/2024:22:03:21 +0000] \"GET /longbox.html?userId=Ze2rKSYFYpTXDLO2GJXY9hAEtOg2 HTTP/1.1\" 200 - \"http://localhost:5000/\" \"Mozilla/5.0 (Windows NT 10.0; Win64; x64; rv:126.0) Gecko/20100101 Firefox/126.0\""}}
[info] i  hosting: ::1 - - [10/Apr/2024:22:03:21 +0000] "GET /__/firebase/init.js?useEmulator=true HTTP/1.1" 200 - "http://localhost:5000/longbox.html?userId=Ze2rKSYFYpTXDLO2GJXY9hAEtOg2" "Mozilla/5.0 (Windows NT 10.0; Win64; x64; rv:126.0) Gecko/20100101 Firefox/126.0" {"metadata":{"emulator":{"name":"hosting"},"message":"::1 - - [10/Apr/2024:22:03:21 +0000] \"GET /__/firebase/init.js?useEmulator=true HTTP/1.1\" 200 - \"http://localhost:5000/longbox.html?userId=Ze2rKSYFYpTXDLO2GJXY9hAEtOg2\" \"Mozilla/5.0 (Windows NT 10.0; Win64; x64; rv:126.0) Gecko/20100101 Firefox/126.0\""}}
[info] i  hosting: ::1 - - [10/Apr/2024:22:03:21 +0000] "GET /longbox.js HTTP/1.1" 200 - "http://localhost:5000/longbox.html?userId=Ze2rKSYFYpTXDLO2GJXY9hAEtOg2" "Mozilla/5.0 (Windows NT 10.0; Win64; x64; rv:126.0) Gecko/20100101 Firefox/126.0" {"metadata":{"emulator":{"name":"hosting"},"message":"::1 - - [10/Apr/2024:22:03:21 +0000] \"GET /longbox.js HTTP/1.1\" 200 - \"http://localhost:5000/longbox.html?userId=Ze2rKSYFYpTXDLO2GJXY9hAEtOg2\" \"Mozilla/5.0 (Windows NT 10.0; Win64; x64; rv:126.0) Gecko/20100101 Firefox/126.0\""}}
[info] i  hosting: ::1 - - [10/Apr/2024:22:03:21 +0000] "GET /magic.TTF HTTP/1.1" - - "http://localhost:5000/longbox.css" "Mozilla/5.0 (Windows NT 10.0; Win64; x64; rv:126.0) Gecko/20100101 Firefox/126.0" {"metadata":{"emulator":{"name":"hosting"},"message":"::1 - - [10/Apr/2024:22:03:21 +0000] \"GET /magic.TTF HTTP/1.1\" - - \"http://localhost:5000/longbox.css\" \"Mozilla/5.0 (Windows NT 10.0; Win64; x64; rv:126.0) Gecko/20100101 Firefox/126.0\""}}
[info] i  hosting: ::1 - - [10/Apr/2024:22:04:24 +0000] "GET /longbox.html?userId=Ze2rKSYFYpTXDLO2GJXY9hAEtOg2 HTTP/1.1" 200 - "http://localhost:5000/" "Mozilla/5.0 (Windows NT 10.0; Win64; x64; rv:126.0) Gecko/20100101 Firefox/126.0" {"metadata":{"emulator":{"name":"hosting"},"message":"::1 - - [10/Apr/2024:22:04:24 +0000] \"GET /longbox.html?userId=Ze2rKSYFYpTXDLO2GJXY9hAEtOg2 HTTP/1.1\" 200 - \"http://localhost:5000/\" \"Mozilla/5.0 (Windows NT 10.0; Win64; x64; rv:126.0) Gecko/20100101 Firefox/126.0\""}}
[info] i  hosting: ::1 - - [10/Apr/2024:22:04:24 +0000] "GET /__/firebase/init.js?useEmulator=true HTTP/1.1" 200 - "http://localhost:5000/longbox.html?userId=Ze2rKSYFYpTXDLO2GJXY9hAEtOg2" "Mozilla/5.0 (Windows NT 10.0; Win64; x64; rv:126.0) Gecko/20100101 Firefox/126.0" {"metadata":{"emulator":{"name":"hosting"},"message":"::1 - - [10/Apr/2024:22:04:24 +0000] \"GET /__/firebase/init.js?useEmulator=true HTTP/1.1\" 200 - \"http://localhost:5000/longbox.html?userId=Ze2rKSYFYpTXDLO2GJXY9hAEtOg2\" \"Mozilla/5.0 (Windows NT 10.0; Win64; x64; rv:126.0) Gecko/20100101 Firefox/126.0\""}}
[info] i  hosting: ::1 - - [10/Apr/2024:22:04:24 +0000] "GET /longbox.js HTTP/1.1" 200 - "http://localhost:5000/longbox.html?userId=Ze2rKSYFYpTXDLO2GJXY9hAEtOg2" "Mozilla/5.0 (Windows NT 10.0; Win64; x64; rv:126.0) Gecko/20100101 Firefox/126.0" {"metadata":{"emulator":{"name":"hosting"},"message":"::1 - - [10/Apr/2024:22:04:24 +0000] \"GET /longbox.js HTTP/1.1\" 200 - \"http://localhost:5000/longbox.html?userId=Ze2rKSYFYpTXDLO2GJXY9hAEtOg2\" \"Mozilla/5.0 (Windows NT 10.0; Win64; x64; rv:126.0) Gecko/20100101 Firefox/126.0\""}}
[info] i  hosting: ::1 - - [10/Apr/2024:22:04:24 +0000] "GET /longbox.js HTTP/1.1" 200 - "http://localhost:5000/longbox.html?userId=Ze2rKSYFYpTXDLO2GJXY9hAEtOg2" "Mozilla/5.0 (Windows NT 10.0; Win64; x64; rv:126.0) Gecko/20100101 Firefox/126.0" {"metadata":{"emulator":{"name":"hosting"},"message":"::1 - - [10/Apr/2024:22:04:24 +0000] \"GET /longbox.js HTTP/1.1\" 200 - \"http://localhost:5000/longbox.html?userId=Ze2rKSYFYpTXDLO2GJXY9hAEtOg2\" \"Mozilla/5.0 (Windows NT 10.0; Win64; x64; rv:126.0) Gecko/20100101 Firefox/126.0\""}}
[info] i  hosting: ::1 - - [10/Apr/2024:22:05:07 +0000] "GET /longbox.html?userId=Ze2rKSYFYpTXDLO2GJXY9hAEtOg2 HTTP/1.1" 200 - "http://localhost:5000/" "Mozilla/5.0 (Windows NT 10.0; Win64; x64; rv:126.0) Gecko/20100101 Firefox/126.0" {"metadata":{"emulator":{"name":"hosting"},"message":"::1 - - [10/Apr/2024:22:05:07 +0000] \"GET /longbox.html?userId=Ze2rKSYFYpTXDLO2GJXY9hAEtOg2 HTTP/1.1\" 200 - \"http://localhost:5000/\" \"Mozilla/5.0 (Windows NT 10.0; Win64; x64; rv:126.0) Gecko/20100101 Firefox/126.0\""}}
[info] i  hosting: ::1 - - [10/Apr/2024:22:05:07 +0000] "GET /__/firebase/init.js?useEmulator=true HTTP/1.1" 200 - "http://localhost:5000/longbox.html?userId=Ze2rKSYFYpTXDLO2GJXY9hAEtOg2" "Mozilla/5.0 (Windows NT 10.0; Win64; x64; rv:126.0) Gecko/20100101 Firefox/126.0" {"metadata":{"emulator":{"name":"hosting"},"message":"::1 - - [10/Apr/2024:22:05:07 +0000] \"GET /__/firebase/init.js?useEmulator=true HTTP/1.1\" 200 - \"http://localhost:5000/longbox.html?userId=Ze2rKSYFYpTXDLO2GJXY9hAEtOg2\" \"Mozilla/5.0 (Windows NT 10.0; Win64; x64; rv:126.0) Gecko/20100101 Firefox/126.0\""}}
[info] i  hosting: ::1 - - [10/Apr/2024:22:05:07 +0000] "GET /longbox.js HTTP/1.1" 200 - "http://localhost:5000/longbox.html?userId=Ze2rKSYFYpTXDLO2GJXY9hAEtOg2" "Mozilla/5.0 (Windows NT 10.0; Win64; x64; rv:126.0) Gecko/20100101 Firefox/126.0" {"metadata":{"emulator":{"name":"hosting"},"message":"::1 - - [10/Apr/2024:22:05:07 +0000] \"GET /longbox.js HTTP/1.1\" 200 - \"http://localhost:5000/longbox.html?userId=Ze2rKSYFYpTXDLO2GJXY9hAEtOg2\" \"Mozilla/5.0 (Windows NT 10.0; Win64; x64; rv:126.0) Gecko/20100101 Firefox/126.0\""}}
[info] i  hosting: ::1 - - [10/Apr/2024:22:05:07 +0000] "GET /longbox.js HTTP/1.1" 200 - "http://localhost:5000/longbox.html?userId=Ze2rKSYFYpTXDLO2GJXY9hAEtOg2" "Mozilla/5.0 (Windows NT 10.0; Win64; x64; rv:126.0) Gecko/20100101 Firefox/126.0" {"metadata":{"emulator":{"name":"hosting"},"message":"::1 - - [10/Apr/2024:22:05:07 +0000] \"GET /longbox.js HTTP/1.1\" 200 - \"http://localhost:5000/longbox.html?userId=Ze2rKSYFYpTXDLO2GJXY9hAEtOg2\" \"Mozilla/5.0 (Windows NT 10.0; Win64; x64; rv:126.0) Gecko/20100101 Firefox/126.0\""}}
[debug] [2024-04-10T22:05:47.642Z] >>> [apiv2][query] GET https://www.gstatic.com/firebasejs/10.8.0/firebase-app-compat.js.map [none]
[debug] [2024-04-10T22:05:47.643Z] >>> [apiv2][query] GET https://www.gstatic.com/firebasejs/10.8.0/firebase-remote-config-compat.js.map [none]
[debug] [2024-04-10T22:05:47.644Z] >>> [apiv2][query] GET https://www.gstatic.com/firebasejs/10.8.0/firebase-firestore-compat.js.map [none]
[debug] [2024-04-10T22:05:47.646Z] >>> [apiv2][query] GET https://www.gstatic.com/firebasejs/10.8.0/firebase-storage-compat.js.map [none]
[debug] [2024-04-10T22:05:47.647Z] >>> [apiv2][query] GET https://www.gstatic.com/firebasejs/10.8.0/firebase-database-compat.js.map [none]
[debug] [2024-04-10T22:05:47.648Z] >>> [apiv2][query] GET https://www.gstatic.com/firebasejs/10.8.0/firebase-messaging-compat.js.map [none]
[debug] [2024-04-10T22:05:47.691Z] <<< [apiv2][status] GET https://www.gstatic.com/firebasejs/10.8.0/firebase-database-compat.js.map 200
[debug] [2024-04-10T22:05:47.691Z] <<< [apiv2][body] GET https://www.gstatic.com/firebasejs/10.8.0/firebase-database-compat.js.map [stream]
[debug] [2024-04-10T22:05:47.700Z] <<< [apiv2][status] GET https://www.gstatic.com/firebasejs/10.8.0/firebase-firestore-compat.js.map 200
[debug] [2024-04-10T22:05:47.700Z] <<< [apiv2][body] GET https://www.gstatic.com/firebasejs/10.8.0/firebase-firestore-compat.js.map [stream]
[debug] [2024-04-10T22:05:47.714Z] <<< [apiv2][status] GET https://www.gstatic.com/firebasejs/10.8.0/firebase-app-compat.js.map 200
[debug] [2024-04-10T22:05:47.714Z] <<< [apiv2][body] GET https://www.gstatic.com/firebasejs/10.8.0/firebase-app-compat.js.map [stream]
[debug] [2024-04-10T22:05:47.718Z] <<< [apiv2][status] GET https://www.gstatic.com/firebasejs/10.8.0/firebase-storage-compat.js.map 200
[debug] [2024-04-10T22:05:47.718Z] <<< [apiv2][body] GET https://www.gstatic.com/firebasejs/10.8.0/firebase-storage-compat.js.map [stream]
[debug] [2024-04-10T22:05:47.730Z] <<< [apiv2][status] GET https://www.gstatic.com/firebasejs/10.8.0/firebase-remote-config-compat.js.map 200
[debug] [2024-04-10T22:05:47.730Z] <<< [apiv2][body] GET https://www.gstatic.com/firebasejs/10.8.0/firebase-remote-config-compat.js.map [stream]
[info] i  hosting: ::1 - - [10/Apr/2024:22:05:47 +0000] "GET /__/firebase/10.8.0/firebase-database-compat.js.map HTTP/1.1" 200 240670 "-" "Mozilla/5.0 (Windows NT 10.0; Win64; x64; rv:126.0) Gecko/20100101 Firefox/126.0" {"metadata":{"emulator":{"name":"hosting"},"message":"::1 - - [10/Apr/2024:22:05:47 +0000] \"GET /__/firebase/10.8.0/firebase-database-compat.js.map HTTP/1.1\" 200 240670 \"-\" \"Mozilla/5.0 (Windows NT 10.0; Win64; x64; rv:126.0) Gecko/20100101 Firefox/126.0\""}}
[debug] [2024-04-10T22:05:47.743Z] >>> [apiv2][query] GET https://www.gstatic.com/firebasejs/10.8.0/firebase-analytics-compat.js.map [none]
[info] i  hosting: ::1 - - [10/Apr/2024:22:05:47 +0000] "GET /__/firebase/10.8.0/firebase-storage-compat.js.map HTTP/1.1" 200 62999 "-" "Mozilla/5.0 (Windows NT 10.0; Win64; x64; rv:126.0) Gecko/20100101 Firefox/126.0" {"metadata":{"emulator":{"name":"hosting"},"message":"::1 - - [10/Apr/2024:22:05:47 +0000] \"GET /__/firebase/10.8.0/firebase-storage-compat.js.map HTTP/1.1\" 200 62999 \"-\" \"Mozilla/5.0 (Windows NT 10.0; Win64; x64; rv:126.0) Gecko/20100101 Firefox/126.0\""}}
[info] i  hosting: ::1 - - [10/Apr/2024:22:05:47 +0000] "GET /__/firebase/10.8.0/firebase-app-compat.js.map HTTP/1.1" 200 47965 "-" "Mozilla/5.0 (Windows NT 10.0; Win64; x64; rv:126.0) Gecko/20100101 Firefox/126.0" {"metadata":{"emulator":{"name":"hosting"},"message":"::1 - - [10/Apr/2024:22:05:47 +0000] \"GET /__/firebase/10.8.0/firebase-app-compat.js.map HTTP/1.1\" 200 47965 \"-\" \"Mozilla/5.0 (Windows NT 10.0; Win64; x64; rv:126.0) Gecko/20100101 Firefox/126.0\""}}
[debug] [2024-04-10T22:05:47.750Z] >>> [apiv2][query] GET https://www.gstatic.com/firebasejs/10.8.0/firebase-functions-compat.js.map [none]
[debug] [2024-04-10T22:05:47.755Z] >>> [apiv2][query] GET https://www.gstatic.com/firebasejs/10.8.0/firebase-auth-compat.js.map [none]
[info] i  hosting: ::1 - - [10/Apr/2024:22:05:47 +0000] "GET /__/firebase/10.8.0/firebase-firestore-compat.js.map HTTP/1.1" 200 773508 "-" "Mozilla/5.0 (Windows NT 10.0; Win64; x64; rv:126.0) Gecko/20100101 Firefox/126.0" {"metadata":{"emulator":{"name":"hosting"},"message":"::1 - - [10/Apr/2024:22:05:47 +0000] \"GET /__/firebase/10.8.0/firebase-firestore-compat.js.map HTTP/1.1\" 200 773508 \"-\" \"Mozilla/5.0 (Windows NT 10.0; Win64; x64; rv:126.0) Gecko/20100101 Firefox/126.0\""}}
[info] i  hosting: ::1 - - [10/Apr/2024:22:05:47 +0000] "GET /__/firebase/10.8.0/firebase-remote-config-compat.js.map HTTP/1.1" 200 45572 "-" "Mozilla/5.0 (Windows NT 10.0; Win64; x64; rv:126.0) Gecko/20100101 Firefox/126.0" {"metadata":{"emulator":{"name":"hosting"},"message":"::1 - - [10/Apr/2024:22:05:47 +0000] \"GET /__/firebase/10.8.0/firebase-remote-config-compat.js.map HTTP/1.1\" 200 45572 \"-\" \"Mozilla/5.0 (Windows NT 10.0; Win64; x64; rv:126.0) Gecko/20100101 Firefox/126.0\""}}
[debug] [2024-04-10T22:05:47.762Z] <<< [apiv2][status] GET https://www.gstatic.com/firebasejs/10.8.0/firebase-analytics-compat.js.map 200
[debug] [2024-04-10T22:05:47.762Z] <<< [apiv2][body] GET https://www.gstatic.com/firebasejs/10.8.0/firebase-analytics-compat.js.map [stream]
[info] i  hosting: ::1 - - [10/Apr/2024:22:05:47 +0000] "GET /__/firebase/10.8.0/firebase-analytics-compat.js.map HTTP/1.1" 200 47994 "-" "Mozilla/5.0 (Windows NT 10.0; Win64; x64; rv:126.0) Gecko/20100101 Firefox/126.0" {"metadata":{"emulator":{"name":"hosting"},"message":"::1 - - [10/Apr/2024:22:05:47 +0000] \"GET /__/firebase/10.8.0/firebase-analytics-compat.js.map HTTP/1.1\" 200 47994 \"-\" \"Mozilla/5.0 (Windows NT 10.0; Win64; x64; rv:126.0) Gecko/20100101 Firefox/126.0\""}}
[debug] [2024-04-10T22:05:47.804Z] <<< [apiv2][status] GET https://www.gstatic.com/firebasejs/10.8.0/firebase-functions-compat.js.map 200
[debug] [2024-04-10T22:05:47.804Z] <<< [apiv2][body] GET https://www.gstatic.com/firebasejs/10.8.0/firebase-functions-compat.js.map [stream]
[info] i  hosting: ::1 - - [10/Apr/2024:22:05:47 +0000] "GET /__/firebase/10.8.0/firebase-functions-compat.js.map HTTP/1.1" 200 14750 "-" "Mozilla/5.0 (Windows NT 10.0; Win64; x64; rv:126.0) Gecko/20100101 Firefox/126.0" {"metadata":{"emulator":{"name":"hosting"},"message":"::1 - - [10/Apr/2024:22:05:47 +0000] \"GET /__/firebase/10.8.0/firebase-functions-compat.js.map HTTP/1.1\" 200 14750 \"-\" \"Mozilla/5.0 (Windows NT 10.0; Win64; x64; rv:126.0) Gecko/20100101 Firefox/126.0\""}}
[debug] [2024-04-10T22:05:47.810Z] <<< [apiv2][status] GET https://www.gstatic.com/firebasejs/10.8.0/firebase-messaging-compat.js.map 200
[debug] [2024-04-10T22:05:47.810Z] <<< [apiv2][body] GET https://www.gstatic.com/firebasejs/10.8.0/firebase-messaging-compat.js.map [stream]
[info] i  hosting: ::1 - - [10/Apr/2024:22:05:47 +0000] "GET /__/firebase/10.8.0/firebase-messaging-compat.js.map HTTP/1.1" 200 46758 "-" "Mozilla/5.0 (Windows NT 10.0; Win64; x64; rv:126.0) Gecko/20100101 Firefox/126.0" {"metadata":{"emulator":{"name":"hosting"},"message":"::1 - - [10/Apr/2024:22:05:47 +0000] \"GET /__/firebase/10.8.0/firebase-messaging-compat.js.map HTTP/1.1\" 200 46758 \"-\" \"Mozilla/5.0 (Windows NT 10.0; Win64; x64; rv:126.0) Gecko/20100101 Firefox/126.0\""}}
[debug] [2024-04-10T22:05:47.856Z] <<< [apiv2][status] GET https://www.gstatic.com/firebasejs/10.8.0/firebase-auth-compat.js.map 200
[debug] [2024-04-10T22:05:47.856Z] <<< [apiv2][body] GET https://www.gstatic.com/firebasejs/10.8.0/firebase-auth-compat.js.map [stream]
[info] i  hosting: ::1 - - [10/Apr/2024:22:05:47 +0000] "GET /__/firebase/10.8.0/firebase-auth-compat.js.map HTTP/1.1" 200 190762 "-" "Mozilla/5.0 (Windows NT 10.0; Win64; x64; rv:126.0) Gecko/20100101 Firefox/126.0" {"metadata":{"emulator":{"name":"hosting"},"message":"::1 - - [10/Apr/2024:22:05:47 +0000] \"GET /__/firebase/10.8.0/firebase-auth-compat.js.map HTTP/1.1\" 200 190762 \"-\" \"Mozilla/5.0 (Windows NT 10.0; Win64; x64; rv:126.0) Gecko/20100101 Firefox/126.0\""}}
[info] i  hosting: ::1 - - [10/Apr/2024:22:05:51 +0000] "GET /longbox.html?userId=Ze2rKSYFYpTXDLO2GJXY9hAEtOg2 HTTP/1.1" 200 - "http://localhost:5000/" "Mozilla/5.0 (Windows NT 10.0; Win64; x64; rv:126.0) Gecko/20100101 Firefox/126.0" {"metadata":{"emulator":{"name":"hosting"},"message":"::1 - - [10/Apr/2024:22:05:51 +0000] \"GET /longbox.html?userId=Ze2rKSYFYpTXDLO2GJXY9hAEtOg2 HTTP/1.1\" 200 - \"http://localhost:5000/\" \"Mozilla/5.0 (Windows NT 10.0; Win64; x64; rv:126.0) Gecko/20100101 Firefox/126.0\""}}
[info] i  hosting: ::1 - - [10/Apr/2024:22:05:51 +0000] "GET /__/firebase/init.js?useEmulator=true HTTP/1.1" 200 - "http://localhost:5000/longbox.html?userId=Ze2rKSYFYpTXDLO2GJXY9hAEtOg2" "Mozilla/5.0 (Windows NT 10.0; Win64; x64; rv:126.0) Gecko/20100101 Firefox/126.0" {"metadata":{"emulator":{"name":"hosting"},"message":"::1 - - [10/Apr/2024:22:05:51 +0000] \"GET /__/firebase/init.js?useEmulator=true HTTP/1.1\" 200 - \"http://localhost:5000/longbox.html?userId=Ze2rKSYFYpTXDLO2GJXY9hAEtOg2\" \"Mozilla/5.0 (Windows NT 10.0; Win64; x64; rv:126.0) Gecko/20100101 Firefox/126.0\""}}
[info] i  hosting: ::1 - - [10/Apr/2024:22:05:51 +0000] "GET /longbox.js HTTP/1.1" 200 - "http://localhost:5000/longbox.html?userId=Ze2rKSYFYpTXDLO2GJXY9hAEtOg2" "Mozilla/5.0 (Windows NT 10.0; Win64; x64; rv:126.0) Gecko/20100101 Firefox/126.0" {"metadata":{"emulator":{"name":"hosting"},"message":"::1 - - [10/Apr/2024:22:05:51 +0000] \"GET /longbox.js HTTP/1.1\" 200 - \"http://localhost:5000/longbox.html?userId=Ze2rKSYFYpTXDLO2GJXY9hAEtOg2\" \"Mozilla/5.0 (Windows NT 10.0; Win64; x64; rv:126.0) Gecko/20100101 Firefox/126.0\""}}
[info] i  hosting: ::1 - - [10/Apr/2024:22:05:51 +0000] "GET /longbox.js HTTP/1.1" 200 - "http://localhost:5000/longbox.html?userId=Ze2rKSYFYpTXDLO2GJXY9hAEtOg2" "Mozilla/5.0 (Windows NT 10.0; Win64; x64; rv:126.0) Gecko/20100101 Firefox/126.0" {"metadata":{"emulator":{"name":"hosting"},"message":"::1 - - [10/Apr/2024:22:05:51 +0000] \"GET /longbox.js HTTP/1.1\" 200 - \"http://localhost:5000/longbox.html?userId=Ze2rKSYFYpTXDLO2GJXY9hAEtOg2\" \"Mozilla/5.0 (Windows NT 10.0; Win64; x64; rv:126.0) Gecko/20100101 Firefox/126.0\""}}
[info] i  hosting: ::1 - - [10/Apr/2024:22:05:51 +0000] "GET /logo.jpg HTTP/1.1" - - "http://localhost:5000/longbox.html?userId=Ze2rKSYFYpTXDLO2GJXY9hAEtOg2" "Mozilla/5.0 (Windows NT 10.0; Win64; x64; rv:126.0) Gecko/20100101 Firefox/126.0" {"metadata":{"emulator":{"name":"hosting"},"message":"::1 - - [10/Apr/2024:22:05:51 +0000] \"GET /logo.jpg HTTP/1.1\" - - \"http://localhost:5000/longbox.html?userId=Ze2rKSYFYpTXDLO2GJXY9hAEtOg2\" \"Mozilla/5.0 (Windows NT 10.0; Win64; x64; rv:126.0) Gecko/20100101 Firefox/126.0\""}}
[debug] [2024-04-10T22:05:51.713Z] >>> [apiv2][query] GET https://www.gstatic.com/firebasejs/10.8.0/firebase-app-compat.js.map [none]
[debug] [2024-04-10T22:05:51.715Z] >>> [apiv2][query] GET https://www.gstatic.com/firebasejs/10.8.0/firebase-auth-compat.js.map [none]
[debug] [2024-04-10T22:05:51.716Z] >>> [apiv2][query] GET https://www.gstatic.com/firebasejs/10.8.0/firebase-database-compat.js.map [none]
[debug] [2024-04-10T22:05:51.718Z] >>> [apiv2][query] GET https://www.gstatic.com/firebasejs/10.8.0/firebase-firestore-compat.js.map [none]
[debug] [2024-04-10T22:05:51.718Z] >>> [apiv2][query] GET https://www.gstatic.com/firebasejs/10.8.0/firebase-functions-compat.js.map [none]
[debug] [2024-04-10T22:05:51.719Z] >>> [apiv2][query] GET https://www.gstatic.com/firebasejs/10.8.0/firebase-messaging-compat.js.map [none]
[debug] [2024-04-10T22:05:51.730Z] <<< [apiv2][status] GET https://www.gstatic.com/firebasejs/10.8.0/firebase-functions-compat.js.map 200
[debug] [2024-04-10T22:05:51.730Z] <<< [apiv2][body] GET https://www.gstatic.com/firebasejs/10.8.0/firebase-functions-compat.js.map [stream]
[debug] [2024-04-10T22:05:51.731Z] <<< [apiv2][status] GET https://www.gstatic.com/firebasejs/10.8.0/firebase-firestore-compat.js.map 200
[debug] [2024-04-10T22:05:51.731Z] <<< [apiv2][body] GET https://www.gstatic.com/firebasejs/10.8.0/firebase-firestore-compat.js.map [stream]
[info] i  hosting: ::1 - - [10/Apr/2024:22:05:51 +0000] "GET /__/firebase/10.8.0/firebase-functions-compat.js.map HTTP/1.1" 200 14750 "-" "Mozilla/5.0 (Windows NT 10.0; Win64; x64; rv:126.0) Gecko/20100101 Firefox/126.0" {"metadata":{"emulator":{"name":"hosting"},"message":"::1 - - [10/Apr/2024:22:05:51 +0000] \"GET /__/firebase/10.8.0/firebase-functions-compat.js.map HTTP/1.1\" 200 14750 \"-\" \"Mozilla/5.0 (Windows NT 10.0; Win64; x64; rv:126.0) Gecko/20100101 Firefox/126.0\""}}
[debug] [2024-04-10T22:05:51.740Z] <<< [apiv2][status] GET https://www.gstatic.com/firebasejs/10.8.0/firebase-app-compat.js.map 200
[debug] [2024-04-10T22:05:51.740Z] <<< [apiv2][body] GET https://www.gstatic.com/firebasejs/10.8.0/firebase-app-compat.js.map [stream]
[info] i  hosting: ::1 - - [10/Apr/2024:22:05:51 +0000] "GET /__/firebase/10.8.0/firebase-app-compat.js.map HTTP/1.1" 200 47965 "-" "Mozilla/5.0 (Windows NT 10.0; Win64; x64; rv:126.0) Gecko/20100101 Firefox/126.0" {"metadata":{"emulator":{"name":"hosting"},"message":"::1 - - [10/Apr/2024:22:05:51 +0000] \"GET /__/firebase/10.8.0/firebase-app-compat.js.map HTTP/1.1\" 200 47965 \"-\" \"Mozilla/5.0 (Windows NT 10.0; Win64; x64; rv:126.0) Gecko/20100101 Firefox/126.0\""}}
[debug] [2024-04-10T22:05:51.750Z] <<< [apiv2][status] GET https://www.gstatic.com/firebasejs/10.8.0/firebase-messaging-compat.js.map 200
[debug] [2024-04-10T22:05:51.750Z] <<< [apiv2][body] GET https://www.gstatic.com/firebasejs/10.8.0/firebase-messaging-compat.js.map [stream]
[info] i  hosting: ::1 - - [10/Apr/2024:22:05:51 +0000] "GET /__/firebase/10.8.0/firebase-messaging-compat.js.map HTTP/1.1" 200 46758 "-" "Mozilla/5.0 (Windows NT 10.0; Win64; x64; rv:126.0) Gecko/20100101 Firefox/126.0" {"metadata":{"emulator":{"name":"hosting"},"message":"::1 - - [10/Apr/2024:22:05:51 +0000] \"GET /__/firebase/10.8.0/firebase-messaging-compat.js.map HTTP/1.1\" 200 46758 \"-\" \"Mozilla/5.0 (Windows NT 10.0; Win64; x64; rv:126.0) Gecko/20100101 Firefox/126.0\""}}
[debug] [2024-04-10T22:05:51.752Z] <<< [apiv2][status] GET https://www.gstatic.com/firebasejs/10.8.0/firebase-database-compat.js.map 200
[debug] [2024-04-10T22:05:51.752Z] <<< [apiv2][body] GET https://www.gstatic.com/firebasejs/10.8.0/firebase-database-compat.js.map [stream]
[debug] [2024-04-10T22:05:51.753Z] >>> [apiv2][query] GET https://www.gstatic.com/firebasejs/10.8.0/firebase-storage-compat.js.map [none]
[debug] [2024-04-10T22:05:51.754Z] >>> [apiv2][query] GET https://www.gstatic.com/firebasejs/10.8.0/firebase-analytics-compat.js.map [none]
[debug] [2024-04-10T22:05:51.754Z] <<< [apiv2][status] GET https://www.gstatic.com/firebasejs/10.8.0/firebase-auth-compat.js.map 200
[debug] [2024-04-10T22:05:51.754Z] <<< [apiv2][body] GET https://www.gstatic.com/firebasejs/10.8.0/firebase-auth-compat.js.map [stream]
[info] i  hosting: ::1 - - [10/Apr/2024:22:05:51 +0000] "GET /__/firebase/10.8.0/firebase-firestore-compat.js.map HTTP/1.1" 200 773508 "-" "Mozilla/5.0 (Windows NT 10.0; Win64; x64; rv:126.0) Gecko/20100101 Firefox/126.0" {"metadata":{"emulator":{"name":"hosting"},"message":"::1 - - [10/Apr/2024:22:05:51 +0000] \"GET /__/firebase/10.8.0/firebase-firestore-compat.js.map HTTP/1.1\" 200 773508 \"-\" \"Mozilla/5.0 (Windows NT 10.0; Win64; x64; rv:126.0) Gecko/20100101 Firefox/126.0\""}}
[debug] [2024-04-10T22:05:51.762Z] >>> [apiv2][query] GET https://www.gstatic.com/firebasejs/10.8.0/firebase-remote-config-compat.js.map [none]
[debug] [2024-04-10T22:05:51.764Z] <<< [apiv2][status] GET https://www.gstatic.com/firebasejs/10.8.0/firebase-storage-compat.js.map 200
[debug] [2024-04-10T22:05:51.764Z] <<< [apiv2][body] GET https://www.gstatic.com/firebasejs/10.8.0/firebase-storage-compat.js.map [stream]
[info] i  hosting: ::1 - - [10/Apr/2024:22:05:51 +0000] "GET /__/firebase/10.8.0/firebase-storage-compat.js.map HTTP/1.1" 200 62999 "-" "Mozilla/5.0 (Windows NT 10.0; Win64; x64; rv:126.0) Gecko/20100101 Firefox/126.0" {"metadata":{"emulator":{"name":"hosting"},"message":"::1 - - [10/Apr/2024:22:05:51 +0000] \"GET /__/firebase/10.8.0/firebase-storage-compat.js.map HTTP/1.1\" 200 62999 \"-\" \"Mozilla/5.0 (Windows NT 10.0; Win64; x64; rv:126.0) Gecko/20100101 Firefox/126.0\""}}
[debug] [2024-04-10T22:05:51.773Z] <<< [apiv2][status] GET https://www.gstatic.com/firebasejs/10.8.0/firebase-remote-config-compat.js.map 200
[debug] [2024-04-10T22:05:51.773Z] <<< [apiv2][body] GET https://www.gstatic.com/firebasejs/10.8.0/firebase-remote-config-compat.js.map [stream]
[info] i  hosting: ::1 - - [10/Apr/2024:22:05:51 +0000] "GET /__/firebase/10.8.0/firebase-remote-config-compat.js.map HTTP/1.1" 200 45572 "-" "Mozilla/5.0 (Windows NT 10.0; Win64; x64; rv:126.0) Gecko/20100101 Firefox/126.0" {"metadata":{"emulator":{"name":"hosting"},"message":"::1 - - [10/Apr/2024:22:05:51 +0000] \"GET /__/firebase/10.8.0/firebase-remote-config-compat.js.map HTTP/1.1\" 200 45572 \"-\" \"Mozilla/5.0 (Windows NT 10.0; Win64; x64; rv:126.0) Gecko/20100101 Firefox/126.0\""}}
[debug] [2024-04-10T22:05:51.777Z] <<< [apiv2][status] GET https://www.gstatic.com/firebasejs/10.8.0/firebase-analytics-compat.js.map 200
[debug] [2024-04-10T22:05:51.777Z] <<< [apiv2][body] GET https://www.gstatic.com/firebasejs/10.8.0/firebase-analytics-compat.js.map [stream]
[info] i  hosting: ::1 - - [10/Apr/2024:22:05:51 +0000] "GET /__/firebase/10.8.0/firebase-analytics-compat.js.map HTTP/1.1" 200 47994 "-" "Mozilla/5.0 (Windows NT 10.0; Win64; x64; rv:126.0) Gecko/20100101 Firefox/126.0" {"metadata":{"emulator":{"name":"hosting"},"message":"::1 - - [10/Apr/2024:22:05:51 +0000] \"GET /__/firebase/10.8.0/firebase-analytics-compat.js.map HTTP/1.1\" 200 47994 \"-\" \"Mozilla/5.0 (Windows NT 10.0; Win64; x64; rv:126.0) Gecko/20100101 Firefox/126.0\""}}
[info] i  hosting: ::1 - - [10/Apr/2024:22:05:51 +0000] "GET /__/firebase/10.8.0/firebase-database-compat.js.map HTTP/1.1" 200 240670 "-" "Mozilla/5.0 (Windows NT 10.0; Win64; x64; rv:126.0) Gecko/20100101 Firefox/126.0" {"metadata":{"emulator":{"name":"hosting"},"message":"::1 - - [10/Apr/2024:22:05:51 +0000] \"GET /__/firebase/10.8.0/firebase-database-compat.js.map HTTP/1.1\" 200 240670 \"-\" \"Mozilla/5.0 (Windows NT 10.0; Win64; x64; rv:126.0) Gecko/20100101 Firefox/126.0\""}}
[info] i  hosting: ::1 - - [10/Apr/2024:22:05:51 +0000] "GET /__/firebase/10.8.0/firebase-auth-compat.js.map HTTP/1.1" 200 190762 "-" "Mozilla/5.0 (Windows NT 10.0; Win64; x64; rv:126.0) Gecko/20100101 Firefox/126.0" {"metadata":{"emulator":{"name":"hosting"},"message":"::1 - - [10/Apr/2024:22:05:51 +0000] \"GET /__/firebase/10.8.0/firebase-auth-compat.js.map HTTP/1.1\" 200 190762 \"-\" \"Mozilla/5.0 (Windows NT 10.0; Win64; x64; rv:126.0) Gecko/20100101 Firefox/126.0\""}}
[info] i  hosting: ::1 - - [10/Apr/2024:22:06:19 +0000] "GET /longbox.html?userId=Ze2rKSYFYpTXDLO2GJXY9hAEtOg2 HTTP/1.1" 200 - "http://localhost:5000/" "Mozilla/5.0 (Windows NT 10.0; Win64; x64; rv:126.0) Gecko/20100101 Firefox/126.0" {"metadata":{"emulator":{"name":"hosting"},"message":"::1 - - [10/Apr/2024:22:06:19 +0000] \"GET /longbox.html?userId=Ze2rKSYFYpTXDLO2GJXY9hAEtOg2 HTTP/1.1\" 200 - \"http://localhost:5000/\" \"Mozilla/5.0 (Windows NT 10.0; Win64; x64; rv:126.0) Gecko/20100101 Firefox/126.0\""}}
[info] i  hosting: ::1 - - [10/Apr/2024:22:06:19 +0000] "GET /__/firebase/init.js?useEmulator=true HTTP/1.1" 200 - "http://localhost:5000/longbox.html?userId=Ze2rKSYFYpTXDLO2GJXY9hAEtOg2" "Mozilla/5.0 (Windows NT 10.0; Win64; x64; rv:126.0) Gecko/20100101 Firefox/126.0" {"metadata":{"emulator":{"name":"hosting"},"message":"::1 - - [10/Apr/2024:22:06:19 +0000] \"GET /__/firebase/init.js?useEmulator=true HTTP/1.1\" 200 - \"http://localhost:5000/longbox.html?userId=Ze2rKSYFYpTXDLO2GJXY9hAEtOg2\" \"Mozilla/5.0 (Windows NT 10.0; Win64; x64; rv:126.0) Gecko/20100101 Firefox/126.0\""}}
[info] i  hosting: ::1 - - [10/Apr/2024:22:06:19 +0000] "GET /longbox.js HTTP/1.1" 200 - "http://localhost:5000/longbox.html?userId=Ze2rKSYFYpTXDLO2GJXY9hAEtOg2" "Mozilla/5.0 (Windows NT 10.0; Win64; x64; rv:126.0) Gecko/20100101 Firefox/126.0" {"metadata":{"emulator":{"name":"hosting"},"message":"::1 - - [10/Apr/2024:22:06:19 +0000] \"GET /longbox.js HTTP/1.1\" 200 - \"http://localhost:5000/longbox.html?userId=Ze2rKSYFYpTXDLO2GJXY9hAEtOg2\" \"Mozilla/5.0 (Windows NT 10.0; Win64; x64; rv:126.0) Gecko/20100101 Firefox/126.0\""}}
[info] i  hosting: ::1 - - [10/Apr/2024:22:06:19 +0000] "GET /longbox.js HTTP/1.1" 200 - "http://localhost:5000/longbox.html?userId=Ze2rKSYFYpTXDLO2GJXY9hAEtOg2" "Mozilla/5.0 (Windows NT 10.0; Win64; x64; rv:126.0) Gecko/20100101 Firefox/126.0" {"metadata":{"emulator":{"name":"hosting"},"message":"::1 - - [10/Apr/2024:22:06:19 +0000] \"GET /longbox.js HTTP/1.1\" 200 - \"http://localhost:5000/longbox.html?userId=Ze2rKSYFYpTXDLO2GJXY9hAEtOg2\" \"Mozilla/5.0 (Windows NT 10.0; Win64; x64; rv:126.0) Gecko/20100101 Firefox/126.0\""}}
[info] i  hosting: ::1 - - [10/Apr/2024:22:06:19 +0000] "GET /logo.jpg HTTP/1.1" - - "http://localhost:5000/longbox.html?userId=Ze2rKSYFYpTXDLO2GJXY9hAEtOg2" "Mozilla/5.0 (Windows NT 10.0; Win64; x64; rv:126.0) Gecko/20100101 Firefox/126.0" {"metadata":{"emulator":{"name":"hosting"},"message":"::1 - - [10/Apr/2024:22:06:19 +0000] \"GET /logo.jpg HTTP/1.1\" - - \"http://localhost:5000/longbox.html?userId=Ze2rKSYFYpTXDLO2GJXY9hAEtOg2\" \"Mozilla/5.0 (Windows NT 10.0; Win64; x64; rv:126.0) Gecko/20100101 Firefox/126.0\""}}
[debug] [2024-04-10T22:06:22.081Z] >>> [apiv2][query] GET https://www.gstatic.com/firebasejs/10.8.0/firebase-auth-compat.js.map [none]
[debug] [2024-04-10T22:06:22.083Z] >>> [apiv2][query] GET https://www.gstatic.com/firebasejs/10.8.0/firebase-app-compat.js.map [none]
[debug] [2024-04-10T22:06:22.096Z] >>> [apiv2][query] GET https://www.gstatic.com/firebasejs/10.8.0/firebase-database-compat.js.map [none]
[debug] [2024-04-10T22:06:22.118Z] <<< [apiv2][status] GET https://www.gstatic.com/firebasejs/10.8.0/firebase-auth-compat.js.map 200
[debug] [2024-04-10T22:06:22.118Z] <<< [apiv2][body] GET https://www.gstatic.com/firebasejs/10.8.0/firebase-auth-compat.js.map [stream]
[debug] [2024-04-10T22:06:22.122Z] <<< [apiv2][status] GET https://www.gstatic.com/firebasejs/10.8.0/firebase-app-compat.js.map 200
[debug] [2024-04-10T22:06:22.122Z] <<< [apiv2][body] GET https://www.gstatic.com/firebasejs/10.8.0/firebase-app-compat.js.map [stream]
[debug] [2024-04-10T22:06:22.126Z] >>> [apiv2][query] GET https://www.gstatic.com/firebasejs/10.8.0/firebase-firestore-compat.js.map [none]
[debug] [2024-04-10T22:06:22.128Z] <<< [apiv2][status] GET https://www.gstatic.com/firebasejs/10.8.0/firebase-database-compat.js.map 200
[debug] [2024-04-10T22:06:22.128Z] <<< [apiv2][body] GET https://www.gstatic.com/firebasejs/10.8.0/firebase-database-compat.js.map [stream]
[debug] [2024-04-10T22:06:22.142Z] >>> [apiv2][query] GET https://www.gstatic.com/firebasejs/10.8.0/firebase-functions-compat.js.map [none]
[info] i  hosting: ::1 - - [10/Apr/2024:22:06:22 +0000] "GET /__/firebase/10.8.0/firebase-app-compat.js.map HTTP/1.1" 200 47965 "-" "Mozilla/5.0 (Windows NT 10.0; Win64; x64; rv:126.0) Gecko/20100101 Firefox/126.0" {"metadata":{"emulator":{"name":"hosting"},"message":"::1 - - [10/Apr/2024:22:06:22 +0000] \"GET /__/firebase/10.8.0/firebase-app-compat.js.map HTTP/1.1\" 200 47965 \"-\" \"Mozilla/5.0 (Windows NT 10.0; Win64; x64; rv:126.0) Gecko/20100101 Firefox/126.0\""}}
[debug] [2024-04-10T22:06:22.146Z] >>> [apiv2][query] GET https://www.gstatic.com/firebasejs/10.8.0/firebase-messaging-compat.js.map [none]
[info] i  hosting: ::1 - - [10/Apr/2024:22:06:22 +0000] "GET /__/firebase/10.8.0/firebase-auth-compat.js.map HTTP/1.1" 200 190762 "-" "Mozilla/5.0 (Windows NT 10.0; Win64; x64; rv:126.0) Gecko/20100101 Firefox/126.0" {"metadata":{"emulator":{"name":"hosting"},"message":"::1 - - [10/Apr/2024:22:06:22 +0000] \"GET /__/firebase/10.8.0/firebase-auth-compat.js.map HTTP/1.1\" 200 190762 \"-\" \"Mozilla/5.0 (Windows NT 10.0; Win64; x64; rv:126.0) Gecko/20100101 Firefox/126.0\""}}
[debug] [2024-04-10T22:06:22.156Z] >>> [apiv2][query] GET https://www.gstatic.com/firebasejs/10.8.0/firebase-storage-compat.js.map [none]
[debug] [2024-04-10T22:06:22.159Z] <<< [apiv2][status] GET https://www.gstatic.com/firebasejs/10.8.0/firebase-messaging-compat.js.map 200
[debug] [2024-04-10T22:06:22.159Z] <<< [apiv2][body] GET https://www.gstatic.com/firebasejs/10.8.0/firebase-messaging-compat.js.map [stream]
[info] i  hosting: ::1 - - [10/Apr/2024:22:06:22 +0000] "GET /__/firebase/10.8.0/firebase-messaging-compat.js.map HTTP/1.1" 200 46758 "-" "Mozilla/5.0 (Windows NT 10.0; Win64; x64; rv:126.0) Gecko/20100101 Firefox/126.0" {"metadata":{"emulator":{"name":"hosting"},"message":"::1 - - [10/Apr/2024:22:06:22 +0000] \"GET /__/firebase/10.8.0/firebase-messaging-compat.js.map HTTP/1.1\" 200 46758 \"-\" \"Mozilla/5.0 (Windows NT 10.0; Win64; x64; rv:126.0) Gecko/20100101 Firefox/126.0\""}}
[debug] [2024-04-10T22:06:22.167Z] <<< [apiv2][status] GET https://www.gstatic.com/firebasejs/10.8.0/firebase-firestore-compat.js.map 200
[debug] [2024-04-10T22:06:22.167Z] <<< [apiv2][body] GET https://www.gstatic.com/firebasejs/10.8.0/firebase-firestore-compat.js.map [stream]
[debug] [2024-04-10T22:06:22.168Z] >>> [apiv2][query] GET https://www.gstatic.com/firebasejs/10.8.0/firebase-analytics-compat.js.map [none]
[info] i  hosting: ::1 - - [10/Apr/2024:22:06:22 +0000] "GET /__/firebase/10.8.0/firebase-database-compat.js.map HTTP/1.1" 200 240670 "-" "Mozilla/5.0 (Windows NT 10.0; Win64; x64; rv:126.0) Gecko/20100101 Firefox/126.0" {"metadata":{"emulator":{"name":"hosting"},"message":"::1 - - [10/Apr/2024:22:06:22 +0000] \"GET /__/firebase/10.8.0/firebase-database-compat.js.map HTTP/1.1\" 200 240670 \"-\" \"Mozilla/5.0 (Windows NT 10.0; Win64; x64; rv:126.0) Gecko/20100101 Firefox/126.0\""}}
[debug] [2024-04-10T22:06:22.171Z] <<< [apiv2][status] GET https://www.gstatic.com/firebasejs/10.8.0/firebase-storage-compat.js.map 200
[debug] [2024-04-10T22:06:22.171Z] <<< [apiv2][body] GET https://www.gstatic.com/firebasejs/10.8.0/firebase-storage-compat.js.map [stream]
[debug] [2024-04-10T22:06:22.172Z] >>> [apiv2][query] GET https://www.gstatic.com/firebasejs/10.8.0/firebase-remote-config-compat.js.map [none]
[info] i  hosting: ::1 - - [10/Apr/2024:22:06:22 +0000] "GET /__/firebase/10.8.0/firebase-storage-compat.js.map HTTP/1.1" 200 62999 "-" "Mozilla/5.0 (Windows NT 10.0; Win64; x64; rv:126.0) Gecko/20100101 Firefox/126.0" {"metadata":{"emulator":{"name":"hosting"},"message":"::1 - - [10/Apr/2024:22:06:22 +0000] \"GET /__/firebase/10.8.0/firebase-storage-compat.js.map HTTP/1.1\" 200 62999 \"-\" \"Mozilla/5.0 (Windows NT 10.0; Win64; x64; rv:126.0) Gecko/20100101 Firefox/126.0\""}}
[debug] [2024-04-10T22:06:22.179Z] <<< [apiv2][status] GET https://www.gstatic.com/firebasejs/10.8.0/firebase-analytics-compat.js.map 200
[debug] [2024-04-10T22:06:22.179Z] <<< [apiv2][body] GET https://www.gstatic.com/firebasejs/10.8.0/firebase-analytics-compat.js.map [stream]
[debug] [2024-04-10T22:06:22.182Z] <<< [apiv2][status] GET https://www.gstatic.com/firebasejs/10.8.0/firebase-remote-config-compat.js.map 200
[debug] [2024-04-10T22:06:22.182Z] <<< [apiv2][body] GET https://www.gstatic.com/firebasejs/10.8.0/firebase-remote-config-compat.js.map [stream]
[info] i  hosting: ::1 - - [10/Apr/2024:22:06:22 +0000] "GET /__/firebase/10.8.0/firebase-remote-config-compat.js.map HTTP/1.1" 200 45572 "-" "Mozilla/5.0 (Windows NT 10.0; Win64; x64; rv:126.0) Gecko/20100101 Firefox/126.0" {"metadata":{"emulator":{"name":"hosting"},"message":"::1 - - [10/Apr/2024:22:06:22 +0000] \"GET /__/firebase/10.8.0/firebase-remote-config-compat.js.map HTTP/1.1\" 200 45572 \"-\" \"Mozilla/5.0 (Windows NT 10.0; Win64; x64; rv:126.0) Gecko/20100101 Firefox/126.0\""}}
[info] i  hosting: ::1 - - [10/Apr/2024:22:06:22 +0000] "GET /__/firebase/10.8.0/firebase-analytics-compat.js.map HTTP/1.1" 200 47994 "-" "Mozilla/5.0 (Windows NT 10.0; Win64; x64; rv:126.0) Gecko/20100101 Firefox/126.0" {"metadata":{"emulator":{"name":"hosting"},"message":"::1 - - [10/Apr/2024:22:06:22 +0000] \"GET /__/firebase/10.8.0/firebase-analytics-compat.js.map HTTP/1.1\" 200 47994 \"-\" \"Mozilla/5.0 (Windows NT 10.0; Win64; x64; rv:126.0) Gecko/20100101 Firefox/126.0\""}}
[debug] [2024-04-10T22:06:22.186Z] <<< [apiv2][status] GET https://www.gstatic.com/firebasejs/10.8.0/firebase-functions-compat.js.map 200
[debug] [2024-04-10T22:06:22.186Z] <<< [apiv2][body] GET https://www.gstatic.com/firebasejs/10.8.0/firebase-functions-compat.js.map [stream]
[info] i  hosting: ::1 - - [10/Apr/2024:22:06:22 +0000] "GET /__/firebase/10.8.0/firebase-functions-compat.js.map HTTP/1.1" 200 14750 "-" "Mozilla/5.0 (Windows NT 10.0; Win64; x64; rv:126.0) Gecko/20100101 Firefox/126.0" {"metadata":{"emulator":{"name":"hosting"},"message":"::1 - - [10/Apr/2024:22:06:22 +0000] \"GET /__/firebase/10.8.0/firebase-functions-compat.js.map HTTP/1.1\" 200 14750 \"-\" \"Mozilla/5.0 (Windows NT 10.0; Win64; x64; rv:126.0) Gecko/20100101 Firefox/126.0\""}}
[info] i  hosting: ::1 - - [10/Apr/2024:22:06:22 +0000] "GET /__/firebase/10.8.0/firebase-firestore-compat.js.map HTTP/1.1" 200 773508 "-" "Mozilla/5.0 (Windows NT 10.0; Win64; x64; rv:126.0) Gecko/20100101 Firefox/126.0" {"metadata":{"emulator":{"name":"hosting"},"message":"::1 - - [10/Apr/2024:22:06:22 +0000] \"GET /__/firebase/10.8.0/firebase-firestore-compat.js.map HTTP/1.1\" 200 773508 \"-\" \"Mozilla/5.0 (Windows NT 10.0; Win64; x64; rv:126.0) Gecko/20100101 Firefox/126.0\""}}
